\BOOKMARK [0][-]{chapter.1}{\376\377\0001\000\040\000R\000E\000A\000D\000M\000E}{}% 1
\BOOKMARK [0][-]{chapter.2}{\376\377\0002\000\040\000H\000i\000e\000r\000a\000r\000c\000h\000i\000c\000a\000l\000\040\000I\000n\000d\000e\000x}{}% 2
\BOOKMARK [1][-]{section.2.1}{\376\377\0002\000.\0001\000\040\000C\000l\000a\000s\000s\000\040\000H\000i\000e\000r\000a\000r\000c\000h\000y}{chapter.2}% 3
\BOOKMARK [0][-]{chapter.3}{\376\377\0003\000\040\000C\000l\000a\000s\000s\000\040\000I\000n\000d\000e\000x}{}% 4
\BOOKMARK [1][-]{section.3.1}{\376\377\0003\000.\0001\000\040\000C\000l\000a\000s\000s\000\040\000L\000i\000s\000t}{chapter.3}% 5
\BOOKMARK [0][-]{chapter.4}{\376\377\0004\000\040\000C\000l\000a\000s\000s\000\040\000D\000o\000c\000u\000m\000e\000n\000t\000a\000t\000i\000o\000n}{}% 6
\BOOKMARK [1][-]{section.4.1}{\376\377\0004\000.\0001\000\040\000g\000a\000m\000e\000.\000A\000c\000t\000i\000o\000n\000s\000\040\000C\000l\000a\000s\000s\000\040\000R\000e\000f\000e\000r\000e\000n\000c\000e}{chapter.4}% 7
\BOOKMARK [2][-]{subsection.4.1.1}{\376\377\0004\000.\0001\000.\0001\000\040\000D\000e\000t\000a\000i\000l\000e\000d\000\040\000D\000e\000s\000c\000r\000i\000p\000t\000i\000o\000n}{section.4.1}% 8
\BOOKMARK [1][-]{section.4.2}{\376\377\0004\000.\0002\000\040\000g\000a\000m\000e\000.\000A\000g\000e\000n\000t\000\040\000C\000l\000a\000s\000s\000\040\000R\000e\000f\000e\000r\000e\000n\000c\000e}{chapter.4}% 9
\BOOKMARK [2][-]{subsection.4.2.1}{\376\377\0004\000.\0002\000.\0001\000\040\000D\000e\000t\000a\000i\000l\000e\000d\000\040\000D\000e\000s\000c\000r\000i\000p\000t\000i\000o\000n}{section.4.2}% 10
\BOOKMARK [2][-]{subsection.4.2.2}{\376\377\0004\000.\0002\000.\0002\000\040\000M\000e\000m\000b\000e\000r\000\040\000F\000u\000n\000c\000t\000i\000o\000n\000\040\000D\000o\000c\000u\000m\000e\000n\000t\000a\000t\000i\000o\000n}{section.4.2}% 11
\BOOKMARK [3][-]{subsubsection.4.2.2.1}{\376\377\0004\000.\0002\000.\0002\000.\0001\000\040\000g\000e\000t\000A\000c\000t\000i\000o\000n\000\050\000\051}{subsection.4.2.2}% 12
\BOOKMARK [1][-]{section.4.3}{\376\377\0004\000.\0003\000\040\000g\000a\000m\000e\000.\000A\000g\000e\000n\000t\000S\000t\000a\000t\000e\000\040\000C\000l\000a\000s\000s\000\040\000R\000e\000f\000e\000r\000e\000n\000c\000e}{chapter.4}% 13
\BOOKMARK [2][-]{subsection.4.3.1}{\376\377\0004\000.\0003\000.\0001\000\040\000D\000e\000t\000a\000i\000l\000e\000d\000\040\000D\000e\000s\000c\000r\000i\000p\000t\000i\000o\000n}{section.4.3}% 14
\BOOKMARK [1][-]{section.4.4}{\376\377\0004\000.\0004\000\040\000s\000e\000a\000r\000c\000h\000A\000g\000e\000n\000t\000s\000.\000A\000n\000y\000F\000o\000o\000d\000S\000e\000a\000r\000c\000h\000P\000r\000o\000b\000l\000e\000m\000\040\000C\000l\000a\000s\000s\000\040\000R\000e\000f\000e\000r\000e\000n\000c\000e}{chapter.4}% 15
\BOOKMARK [2][-]{subsection.4.4.1}{\376\377\0004\000.\0004\000.\0001\000\040\000D\000e\000t\000a\000i\000l\000e\000d\000\040\000D\000e\000s\000c\000r\000i\000p\000t\000i\000o\000n}{section.4.4}% 16
\BOOKMARK [2][-]{subsection.4.4.2}{\376\377\0004\000.\0004\000.\0002\000\040\000M\000e\000m\000b\000e\000r\000\040\000F\000u\000n\000c\000t\000i\000o\000n\000\040\000D\000o\000c\000u\000m\000e\000n\000t\000a\000t\000i\000o\000n}{section.4.4}% 17
\BOOKMARK [3][-]{subsubsection.4.4.2.1}{\376\377\0004\000.\0004\000.\0002\000.\0001\000\040\000i\000s\000G\000o\000a\000l\000S\000t\000a\000t\000e\000\050\000\051}{subsection.4.4.2}% 18
\BOOKMARK [1][-]{section.4.5}{\376\377\0004\000.\0005\000\040\000s\000e\000a\000r\000c\000h\000A\000g\000e\000n\000t\000s\000.\000A\000p\000p\000r\000o\000x\000i\000m\000a\000t\000e\000S\000e\000a\000r\000c\000h\000A\000g\000e\000n\000t\000\040\000C\000l\000a\000s\000s\000\040\000R\000e\000f\000e\000r\000e\000n\000c\000e}{chapter.4}% 19
\BOOKMARK [2][-]{subsection.4.5.1}{\376\377\0004\000.\0005\000.\0001\000\040\000M\000e\000m\000b\000e\000r\000\040\000F\000u\000n\000c\000t\000i\000o\000n\000\040\000D\000o\000c\000u\000m\000e\000n\000t\000a\000t\000i\000o\000n}{section.4.5}% 20
\BOOKMARK [3][-]{subsubsection.4.5.1.1}{\376\377\0004\000.\0005\000.\0001\000.\0001\000\040\000g\000e\000t\000A\000c\000t\000i\000o\000n\000\050\000\051}{subsection.4.5.1}% 21
\BOOKMARK [1][-]{section.4.6}{\376\377\0004\000.\0006\000\040\000s\000e\000a\000r\000c\000h\000A\000g\000e\000n\000t\000s\000.\000A\000S\000t\000a\000r\000C\000o\000r\000n\000e\000r\000s\000A\000g\000e\000n\000t\000\040\000C\000l\000a\000s\000s\000\040\000R\000e\000f\000e\000r\000e\000n\000c\000e}{chapter.4}% 22
\BOOKMARK [1][-]{section.4.7}{\376\377\0004\000.\0007\000\040\000s\000e\000a\000r\000c\000h\000A\000g\000e\000n\000t\000s\000.\000A\000S\000t\000a\000r\000F\000o\000o\000d\000S\000e\000a\000r\000c\000h\000A\000g\000e\000n\000t\000\040\000C\000l\000a\000s\000s\000\040\000R\000e\000f\000e\000r\000e\000n\000c\000e}{chapter.4}% 23
\BOOKMARK [1][-]{section.4.8}{\376\377\0004\000.\0008\000\040\000p\000a\000c\000m\000a\000n\000.\000C\000l\000a\000s\000s\000i\000c\000G\000a\000m\000e\000R\000u\000l\000e\000s\000\040\000C\000l\000a\000s\000s\000\040\000R\000e\000f\000e\000r\000e\000n\000c\000e}{chapter.4}% 24
\BOOKMARK [2][-]{subsection.4.8.1}{\376\377\0004\000.\0008\000.\0001\000\040\000D\000e\000t\000a\000i\000l\000e\000d\000\040\000D\000e\000s\000c\000r\000i\000p\000t\000i\000o\000n}{section.4.8}% 25
\BOOKMARK [2][-]{subsection.4.8.2}{\376\377\0004\000.\0008\000.\0002\000\040\000M\000e\000m\000b\000e\000r\000\040\000F\000u\000n\000c\000t\000i\000o\000n\000\040\000D\000o\000c\000u\000m\000e\000n\000t\000a\000t\000i\000o\000n}{section.4.8}% 26
\BOOKMARK [3][-]{subsubsection.4.8.2.1}{\376\377\0004\000.\0008\000.\0002\000.\0001\000\040\000p\000r\000o\000c\000e\000s\000s\000\050\000\051}{subsection.4.8.2}% 27
\BOOKMARK [1][-]{section.4.9}{\376\377\0004\000.\0009\000\040\000s\000e\000a\000r\000c\000h\000A\000g\000e\000n\000t\000s\000.\000C\000l\000o\000s\000e\000s\000t\000D\000o\000t\000S\000e\000a\000r\000c\000h\000A\000g\000e\000n\000t\000\040\000C\000l\000a\000s\000s\000\040\000R\000e\000f\000e\000r\000e\000n\000c\000e}{chapter.4}% 28
\BOOKMARK [1][-]{section.4.10}{\376\377\0004\000.\0001\0000\000\040\000g\000a\000m\000e\000.\000C\000o\000n\000f\000i\000g\000u\000r\000a\000t\000i\000o\000n\000\040\000C\000l\000a\000s\000s\000\040\000R\000e\000f\000e\000r\000e\000n\000c\000e}{chapter.4}% 29
\BOOKMARK [2][-]{subsection.4.10.1}{\376\377\0004\000.\0001\0000\000.\0001\000\040\000D\000e\000t\000a\000i\000l\000e\000d\000\040\000D\000e\000s\000c\000r\000i\000p\000t\000i\000o\000n}{section.4.10}% 30
\BOOKMARK [2][-]{subsection.4.10.2}{\376\377\0004\000.\0001\0000\000.\0002\000\040\000M\000e\000m\000b\000e\000r\000\040\000F\000u\000n\000c\000t\000i\000o\000n\000\040\000D\000o\000c\000u\000m\000e\000n\000t\000a\000t\000i\000o\000n}{section.4.10}% 31
\BOOKMARK [3][-]{subsubsection.4.10.2.1}{\376\377\0004\000.\0001\0000\000.\0002\000.\0001\000\040\000g\000e\000n\000e\000r\000a\000t\000e\000S\000u\000c\000c\000e\000s\000s\000o\000r\000\050\000\051}{subsection.4.10.2}% 32
\BOOKMARK [1][-]{section.4.11}{\376\377\0004\000.\0001\0001\000\040\000s\000e\000a\000r\000c\000h\000A\000g\000e\000n\000t\000s\000.\000C\000o\000r\000n\000e\000r\000s\000P\000r\000o\000b\000l\000e\000m\000\040\000C\000l\000a\000s\000s\000\040\000R\000e\000f\000e\000r\000e\000n\000c\000e}{chapter.4}% 33
\BOOKMARK [2][-]{subsection.4.11.1}{\376\377\0004\000.\0001\0001\000.\0001\000\040\000D\000e\000t\000a\000i\000l\000e\000d\000\040\000D\000e\000s\000c\000r\000i\000p\000t\000i\000o\000n}{section.4.11}% 34
\BOOKMARK [2][-]{subsection.4.11.2}{\376\377\0004\000.\0001\0001\000.\0002\000\040\000C\000o\000n\000s\000t\000r\000u\000c\000t\000o\000r\000\040\000\046\000\040\000D\000e\000s\000t\000r\000u\000c\000t\000o\000r\000\040\000D\000o\000c\000u\000m\000e\000n\000t\000a\000t\000i\000o\000n}{section.4.11}% 35
\BOOKMARK [3][-]{subsubsection.4.11.2.1}{\376\377\0004\000.\0001\0001\000.\0002\000.\0001\000\040\000\137\000\137\000i\000n\000i\000t\000\137\000\137\000\050\000\051}{subsection.4.11.2}% 36
\BOOKMARK [2][-]{subsection.4.11.3}{\376\377\0004\000.\0001\0001\000.\0003\000\040\000M\000e\000m\000b\000e\000r\000\040\000F\000u\000n\000c\000t\000i\000o\000n\000\040\000D\000o\000c\000u\000m\000e\000n\000t\000a\000t\000i\000o\000n}{section.4.11}% 37
\BOOKMARK [3][-]{subsubsection.4.11.3.1}{\376\377\0004\000.\0001\0001\000.\0003\000.\0001\000\040\000g\000e\000t\000C\000o\000s\000t\000O\000f\000A\000c\000t\000i\000o\000n\000s\000\050\000\051}{subsection.4.11.3}% 38
\BOOKMARK [3][-]{subsubsection.4.11.3.2}{\376\377\0004\000.\0001\0001\000.\0003\000.\0002\000\040\000g\000e\000t\000S\000u\000c\000c\000e\000s\000s\000o\000r\000s\000\050\000\051}{subsection.4.11.3}% 39
\BOOKMARK [1][-]{section.4.12}{\376\377\0004\000.\0001\0002\000\040\000u\000t\000i\000l\000.\000C\000o\000u\000n\000t\000e\000r\000\040\000C\000l\000a\000s\000s\000\040\000R\000e\000f\000e\000r\000e\000n\000c\000e}{chapter.4}% 40
\BOOKMARK [2][-]{subsection.4.12.1}{\376\377\0004\000.\0001\0002\000.\0001\000\040\000D\000e\000t\000a\000i\000l\000e\000d\000\040\000D\000e\000s\000c\000r\000i\000p\000t\000i\000o\000n}{section.4.12}% 41
\BOOKMARK [2][-]{subsection.4.12.2}{\376\377\0004\000.\0001\0002\000.\0002\000\040\000M\000e\000m\000b\000e\000r\000\040\000F\000u\000n\000c\000t\000i\000o\000n\000\040\000D\000o\000c\000u\000m\000e\000n\000t\000a\000t\000i\000o\000n}{section.4.12}% 42
\BOOKMARK [3][-]{subsubsection.4.12.2.1}{\376\377\0004\000.\0001\0002\000.\0002\000.\0001\000\040\000\137\000\137\000a\000d\000d\000\137\000\137\000\050\000\051}{subsection.4.12.2}% 43
\BOOKMARK [3][-]{subsubsection.4.12.2.2}{\376\377\0004\000.\0001\0002\000.\0002\000.\0002\000\040\000\137\000\137\000m\000u\000l\000\137\000\137\000\050\000\051}{subsection.4.12.2}% 44
\BOOKMARK [3][-]{subsubsection.4.12.2.3}{\376\377\0004\000.\0001\0002\000.\0002\000.\0003\000\040\000\137\000\137\000r\000a\000d\000d\000\137\000\137\000\050\000\051}{subsection.4.12.2}% 45
\BOOKMARK [3][-]{subsubsection.4.12.2.4}{\376\377\0004\000.\0001\0002\000.\0002\000.\0004\000\040\000\137\000\137\000s\000u\000b\000\137\000\137\000\050\000\051}{subsection.4.12.2}% 46
\BOOKMARK [3][-]{subsubsection.4.12.2.5}{\376\377\0004\000.\0001\0002\000.\0002\000.\0005\000\040\000a\000r\000g\000M\000a\000x\000\050\000\051}{subsection.4.12.2}% 47
\BOOKMARK [3][-]{subsubsection.4.12.2.6}{\376\377\0004\000.\0001\0002\000.\0002\000.\0006\000\040\000c\000o\000p\000y\000\050\000\051}{subsection.4.12.2}% 48
\BOOKMARK [3][-]{subsubsection.4.12.2.7}{\376\377\0004\000.\0001\0002\000.\0002\000.\0007\000\040\000d\000i\000v\000i\000d\000e\000A\000l\000l\000\050\000\051}{subsection.4.12.2}% 49
\BOOKMARK [3][-]{subsubsection.4.12.2.8}{\376\377\0004\000.\0001\0002\000.\0002\000.\0008\000\040\000i\000n\000c\000r\000e\000m\000e\000n\000t\000A\000l\000l\000\050\000\051}{subsection.4.12.2}% 50
\BOOKMARK [3][-]{subsubsection.4.12.2.9}{\376\377\0004\000.\0001\0002\000.\0002\000.\0009\000\040\000n\000o\000r\000m\000a\000l\000i\000z\000e\000\050\000\051}{subsection.4.12.2}% 51
\BOOKMARK [3][-]{subsubsection.4.12.2.10}{\376\377\0004\000.\0001\0002\000.\0002\000.\0001\0000\000\040\000s\000o\000r\000t\000e\000d\000K\000e\000y\000s\000\050\000\051}{subsection.4.12.2}% 52
\BOOKMARK [3][-]{subsubsection.4.12.2.11}{\376\377\0004\000.\0001\0002\000.\0002\000.\0001\0001\000\040\000t\000o\000t\000a\000l\000C\000o\000u\000n\000t\000\050\000\051}{subsection.4.12.2}% 53
\BOOKMARK [1][-]{section.4.13}{\376\377\0004\000.\0001\0003\000\040\000g\000h\000o\000s\000t\000A\000g\000e\000n\000t\000s\000.\000D\000i\000r\000e\000c\000t\000i\000o\000n\000a\000l\000G\000h\000o\000s\000t\000\040\000C\000l\000a\000s\000s\000\040\000R\000e\000f\000e\000r\000e\000n\000c\000e}{chapter.4}% 54
\BOOKMARK [1][-]{section.4.14}{\376\377\0004\000.\0001\0004\000\040\000g\000a\000m\000e\000.\000D\000i\000r\000e\000c\000t\000i\000o\000n\000s\000\040\000C\000l\000a\000s\000s\000\040\000R\000e\000f\000e\000r\000e\000n\000c\000e}{chapter.4}% 55
\BOOKMARK [2][-]{subsection.4.14.1}{\376\377\0004\000.\0001\0004\000.\0001\000\040\000M\000e\000m\000b\000e\000r\000\040\000D\000a\000t\000a\000\040\000D\000o\000c\000u\000m\000e\000n\000t\000a\000t\000i\000o\000n}{section.4.14}% 56
\BOOKMARK [3][-]{subsubsection.4.14.1.1}{\376\377\0004\000.\0001\0004\000.\0001\000.\0001\000\040\000L\000E\000F\000T}{subsection.4.14.1}% 57
\BOOKMARK [3][-]{subsubsection.4.14.1.2}{\376\377\0004\000.\0001\0004\000.\0001\000.\0002\000\040\000R\000E\000V\000E\000R\000S\000E}{subsection.4.14.1}% 58
\BOOKMARK [1][-]{section.4.15}{\376\377\0004\000.\0001\0005\000\040\000e\000i\000g\000h\000t\000p\000u\000z\000z\000l\000e\000.\000E\000i\000g\000h\000t\000P\000u\000z\000z\000l\000e\000S\000e\000a\000r\000c\000h\000P\000r\000o\000b\000l\000e\000m\000\040\000C\000l\000a\000s\000s\000\040\000R\000e\000f\000e\000r\000e\000n\000c\000e}{chapter.4}% 59
\BOOKMARK [2][-]{subsection.4.15.1}{\376\377\0004\000.\0001\0005\000.\0001\000\040\000D\000e\000t\000a\000i\000l\000e\000d\000\040\000D\000e\000s\000c\000r\000i\000p\000t\000i\000o\000n}{section.4.15}% 60
\BOOKMARK [2][-]{subsection.4.15.2}{\376\377\0004\000.\0001\0005\000.\0002\000\040\000M\000e\000m\000b\000e\000r\000\040\000F\000u\000n\000c\000t\000i\000o\000n\000\040\000D\000o\000c\000u\000m\000e\000n\000t\000a\000t\000i\000o\000n}{section.4.15}% 61
\BOOKMARK [3][-]{subsubsection.4.15.2.1}{\376\377\0004\000.\0001\0005\000.\0002\000.\0001\000\040\000g\000e\000t\000C\000o\000s\000t\000O\000f\000A\000c\000t\000i\000o\000n\000s\000\050\000\051}{subsection.4.15.2}% 62
\BOOKMARK [3][-]{subsubsection.4.15.2.2}{\376\377\0004\000.\0001\0005\000.\0002\000.\0002\000\040\000g\000e\000t\000S\000u\000c\000c\000e\000s\000s\000o\000r\000s\000\050\000\051}{subsection.4.15.2}% 63
\BOOKMARK [1][-]{section.4.16}{\376\377\0004\000.\0001\0006\000\040\000e\000i\000g\000h\000t\000p\000u\000z\000z\000l\000e\000.\000E\000i\000g\000h\000t\000P\000u\000z\000z\000l\000e\000S\000t\000a\000t\000e\000\040\000C\000l\000a\000s\000s\000\040\000R\000e\000f\000e\000r\000e\000n\000c\000e}{chapter.4}% 64
\BOOKMARK [2][-]{subsection.4.16.1}{\376\377\0004\000.\0001\0006\000.\0001\000\040\000D\000e\000t\000a\000i\000l\000e\000d\000\040\000D\000e\000s\000c\000r\000i\000p\000t\000i\000o\000n}{section.4.16}% 65
\BOOKMARK [2][-]{subsection.4.16.2}{\376\377\0004\000.\0001\0006\000.\0002\000\040\000C\000o\000n\000s\000t\000r\000u\000c\000t\000o\000r\000\040\000\046\000\040\000D\000e\000s\000t\000r\000u\000c\000t\000o\000r\000\040\000D\000o\000c\000u\000m\000e\000n\000t\000a\000t\000i\000o\000n}{section.4.16}% 66
\BOOKMARK [3][-]{subsubsection.4.16.2.1}{\376\377\0004\000.\0001\0006\000.\0002\000.\0001\000\040\000\137\000\137\000i\000n\000i\000t\000\137\000\137\000\050\000\051}{subsection.4.16.2}% 67
\BOOKMARK [2][-]{subsection.4.16.3}{\376\377\0004\000.\0001\0006\000.\0003\000\040\000M\000e\000m\000b\000e\000r\000\040\000F\000u\000n\000c\000t\000i\000o\000n\000\040\000D\000o\000c\000u\000m\000e\000n\000t\000a\000t\000i\000o\000n}{section.4.16}% 68
\BOOKMARK [3][-]{subsubsection.4.16.3.1}{\376\377\0004\000.\0001\0006\000.\0003\000.\0001\000\040\000\137\000\137\000e\000q\000\137\000\137\000\050\000\051}{subsection.4.16.3}% 69
\BOOKMARK [3][-]{subsubsection.4.16.3.2}{\376\377\0004\000.\0001\0006\000.\0003\000.\0002\000\040\000i\000s\000G\000o\000a\000l\000\050\000\051}{subsection.4.16.3}% 70
\BOOKMARK [3][-]{subsubsection.4.16.3.3}{\376\377\0004\000.\0001\0006\000.\0003\000.\0003\000\040\000l\000e\000g\000a\000l\000M\000o\000v\000e\000s\000\050\000\051}{subsection.4.16.3}% 71
\BOOKMARK [3][-]{subsubsection.4.16.3.4}{\376\377\0004\000.\0001\0006\000.\0003\000.\0004\000\040\000r\000e\000s\000u\000l\000t\000\050\000\051}{subsection.4.16.3}% 72
\BOOKMARK [1][-]{section.4.17}{\376\377\0004\000.\0001\0007\000\040\000g\000r\000a\000p\000h\000i\000c\000s\000D\000i\000s\000p\000l\000a\000y\000.\000F\000i\000r\000s\000t\000P\000e\000r\000s\000o\000n\000P\000a\000c\000m\000a\000n\000G\000r\000a\000p\000h\000i\000c\000s\000\040\000C\000l\000a\000s\000s\000\040\000R\000e\000f\000e\000r\000e\000n\000c\000e}{chapter.4}% 73
\BOOKMARK [1][-]{section.4.18}{\376\377\0004\000.\0001\0008\000\040\000s\000e\000a\000r\000c\000h\000A\000g\000e\000n\000t\000s\000.\000F\000o\000o\000d\000S\000e\000a\000r\000c\000h\000P\000r\000o\000b\000l\000e\000m\000\040\000C\000l\000a\000s\000s\000\040\000R\000e\000f\000e\000r\000e\000n\000c\000e}{chapter.4}% 74
\BOOKMARK [2][-]{subsection.4.18.1}{\376\377\0004\000.\0001\0008\000.\0001\000\040\000D\000e\000t\000a\000i\000l\000e\000d\000\040\000D\000e\000s\000c\000r\000i\000p\000t\000i\000o\000n}{section.4.18}% 75
\BOOKMARK [2][-]{subsection.4.18.2}{\376\377\0004\000.\0001\0008\000.\0002\000\040\000M\000e\000m\000b\000e\000r\000\040\000F\000u\000n\000c\000t\000i\000o\000n\000\040\000D\000o\000c\000u\000m\000e\000n\000t\000a\000t\000i\000o\000n}{section.4.18}% 76
\BOOKMARK [3][-]{subsubsection.4.18.2.1}{\376\377\0004\000.\0001\0008\000.\0002\000.\0001\000\040\000g\000e\000t\000C\000o\000s\000t\000O\000f\000A\000c\000t\000i\000o\000n\000s\000\050\000\051}{subsection.4.18.2}% 77
\BOOKMARK [1][-]{section.4.19}{\376\377\0004\000.\0001\0009\000\040\000g\000a\000m\000e\000.\000G\000a\000m\000e\000\040\000C\000l\000a\000s\000s\000\040\000R\000e\000f\000e\000r\000e\000n\000c\000e}{chapter.4}% 78
\BOOKMARK [2][-]{subsection.4.19.1}{\376\377\0004\000.\0001\0009\000.\0001\000\040\000D\000e\000t\000a\000i\000l\000e\000d\000\040\000D\000e\000s\000c\000r\000i\000p\000t\000i\000o\000n}{section.4.19}% 79
\BOOKMARK [2][-]{subsection.4.19.2}{\376\377\0004\000.\0001\0009\000.\0002\000\040\000M\000e\000m\000b\000e\000r\000\040\000F\000u\000n\000c\000t\000i\000o\000n\000\040\000D\000o\000c\000u\000m\000e\000n\000t\000a\000t\000i\000o\000n}{section.4.19}% 80
\BOOKMARK [3][-]{subsubsection.4.19.2.1}{\376\377\0004\000.\0001\0009\000.\0002\000.\0001\000\040\000r\000u\000n\000\050\000\051}{subsection.4.19.2}% 81
\BOOKMARK [2][-]{subsection.4.19.3}{\376\377\0004\000.\0001\0009\000.\0003\000\040\000M\000e\000m\000b\000e\000r\000\040\000D\000a\000t\000a\000\040\000D\000o\000c\000u\000m\000e\000n\000t\000a\000t\000i\000o\000n}{section.4.19}% 82
\BOOKMARK [3][-]{subsubsection.4.19.3.1}{\376\377\0004\000.\0001\0009\000.\0003\000.\0001\000\040\000a\000g\000e\000n\000t\000T\000i\000m\000e\000o\000u\000t}{subsection.4.19.3}% 83
\BOOKMARK [1][-]{section.4.20}{\376\377\0004\000.\0002\0000\000\040\000p\000a\000c\000m\000a\000n\000.\000G\000a\000m\000e\000S\000t\000a\000t\000e\000\040\000C\000l\000a\000s\000s\000\040\000R\000e\000f\000e\000r\000e\000n\000c\000e}{chapter.4}% 84
\BOOKMARK [2][-]{subsection.4.20.1}{\376\377\0004\000.\0002\0000\000.\0001\000\040\000D\000e\000t\000a\000i\000l\000e\000d\000\040\000D\000e\000s\000c\000r\000i\000p\000t\000i\000o\000n}{section.4.20}% 85
\BOOKMARK [2][-]{subsection.4.20.2}{\376\377\0004\000.\0002\0000\000.\0002\000\040\000C\000o\000n\000s\000t\000r\000u\000c\000t\000o\000r\000\040\000\046\000\040\000D\000e\000s\000t\000r\000u\000c\000t\000o\000r\000\040\000D\000o\000c\000u\000m\000e\000n\000t\000a\000t\000i\000o\000n}{section.4.20}% 86
\BOOKMARK [3][-]{subsubsection.4.20.2.1}{\376\377\0004\000.\0002\0000\000.\0002\000.\0001\000\040\000\137\000\137\000i\000n\000i\000t\000\137\000\137\000\050\000\051}{subsection.4.20.2}% 87
\BOOKMARK [2][-]{subsection.4.20.3}{\376\377\0004\000.\0002\0000\000.\0003\000\040\000M\000e\000m\000b\000e\000r\000\040\000F\000u\000n\000c\000t\000i\000o\000n\000\040\000D\000o\000c\000u\000m\000e\000n\000t\000a\000t\000i\000o\000n}{section.4.20}% 88
\BOOKMARK [3][-]{subsubsection.4.20.3.1}{\376\377\0004\000.\0002\0000\000.\0003\000.\0001\000\040\000\137\000\137\000e\000q\000\137\000\137\000\050\000\051}{subsection.4.20.3}% 89
\BOOKMARK [3][-]{subsubsection.4.20.3.2}{\376\377\0004\000.\0002\0000\000.\0003\000.\0002\000\040\000\137\000\137\000h\000a\000s\000h\000\137\000\137\000\050\000\051}{subsection.4.20.3}% 90
\BOOKMARK [3][-]{subsubsection.4.20.3.3}{\376\377\0004\000.\0002\0000\000.\0003\000.\0003\000\040\000g\000e\000n\000e\000r\000a\000t\000e\000P\000a\000c\000m\000a\000n\000S\000u\000c\000c\000e\000s\000s\000o\000r\000\050\000\051}{subsection.4.20.3}% 91
\BOOKMARK [3][-]{subsubsection.4.20.3.4}{\376\377\0004\000.\0002\0000\000.\0003\000.\0004\000\040\000g\000e\000n\000e\000r\000a\000t\000e\000S\000u\000c\000c\000e\000s\000s\000o\000r\000\050\000\051}{subsection.4.20.3}% 92
\BOOKMARK [3][-]{subsubsection.4.20.3.5}{\376\377\0004\000.\0002\0000\000.\0003\000.\0005\000\040\000g\000e\000t\000C\000a\000p\000s\000u\000l\000e\000s\000\050\000\051}{subsection.4.20.3}% 93
\BOOKMARK [3][-]{subsubsection.4.20.3.6}{\376\377\0004\000.\0002\0000\000.\0003\000.\0006\000\040\000g\000e\000t\000F\000o\000o\000d\000\050\000\051}{subsection.4.20.3}% 94
\BOOKMARK [3][-]{subsubsection.4.20.3.7}{\376\377\0004\000.\0002\0000\000.\0003\000.\0007\000\040\000g\000e\000t\000L\000e\000g\000a\000l\000A\000c\000t\000i\000o\000n\000s\000\050\000\051}{subsection.4.20.3}% 95
\BOOKMARK [3][-]{subsubsection.4.20.3.8}{\376\377\0004\000.\0002\0000\000.\0003\000.\0008\000\040\000g\000e\000t\000P\000a\000c\000m\000a\000n\000S\000t\000a\000t\000e\000\050\000\051}{subsection.4.20.3}% 96
\BOOKMARK [3][-]{subsubsection.4.20.3.9}{\376\377\0004\000.\0002\0000\000.\0003\000.\0009\000\040\000g\000e\000t\000W\000a\000l\000l\000s\000\050\000\051}{subsection.4.20.3}% 97
\BOOKMARK [3][-]{subsubsection.4.20.3.10}{\376\377\0004\000.\0002\0000\000.\0003\000.\0001\0000\000\040\000i\000n\000i\000t\000i\000a\000l\000i\000z\000e\000\050\000\051}{subsection.4.20.3}% 98
\BOOKMARK [1][-]{section.4.21}{\376\377\0004\000.\0002\0001\000\040\000g\000a\000m\000e\000.\000G\000a\000m\000e\000S\000t\000a\000t\000e\000D\000a\000t\000a\000\040\000C\000l\000a\000s\000s\000\040\000R\000e\000f\000e\000r\000e\000n\000c\000e}{chapter.4}% 99
\BOOKMARK [2][-]{subsection.4.21.1}{\376\377\0004\000.\0002\0001\000.\0001\000\040\000D\000e\000t\000a\000i\000l\000e\000d\000\040\000D\000e\000s\000c\000r\000i\000p\000t\000i\000o\000n}{section.4.21}% 100
\BOOKMARK [2][-]{subsection.4.21.2}{\376\377\0004\000.\0002\0001\000.\0002\000\040\000C\000o\000n\000s\000t\000r\000u\000c\000t\000o\000r\000\040\000\046\000\040\000D\000e\000s\000t\000r\000u\000c\000t\000o\000r\000\040\000D\000o\000c\000u\000m\000e\000n\000t\000a\000t\000i\000o\000n}{section.4.21}% 101
\BOOKMARK [3][-]{subsubsection.4.21.2.1}{\376\377\0004\000.\0002\0001\000.\0002\000.\0001\000\040\000\137\000\137\000i\000n\000i\000t\000\137\000\137\000\050\000\051}{subsection.4.21.2}% 102
\BOOKMARK [2][-]{subsection.4.21.3}{\376\377\0004\000.\0002\0001\000.\0003\000\040\000M\000e\000m\000b\000e\000r\000\040\000F\000u\000n\000c\000t\000i\000o\000n\000\040\000D\000o\000c\000u\000m\000e\000n\000t\000a\000t\000i\000o\000n}{section.4.21}% 103
\BOOKMARK [3][-]{subsubsection.4.21.3.1}{\376\377\0004\000.\0002\0001\000.\0003\000.\0001\000\040\000\137\000\137\000e\000q\000\137\000\137\000\050\000\051}{subsection.4.21.3}% 104
\BOOKMARK [3][-]{subsubsection.4.21.3.2}{\376\377\0004\000.\0002\0001\000.\0003\000.\0002\000\040\000\137\000\137\000h\000a\000s\000h\000\137\000\137\000\050\000\051}{subsection.4.21.3}% 105
\BOOKMARK [3][-]{subsubsection.4.21.3.3}{\376\377\0004\000.\0002\0001\000.\0003\000.\0003\000\040\000i\000n\000i\000t\000i\000a\000l\000i\000z\000e\000\050\000\051}{subsection.4.21.3}% 106
\BOOKMARK [1][-]{section.4.22}{\376\377\0004\000.\0002\0002\000\040\000g\000h\000o\000s\000t\000A\000g\000e\000n\000t\000s\000.\000G\000h\000o\000s\000t\000A\000g\000e\000n\000t\000\040\000C\000l\000a\000s\000s\000\040\000R\000e\000f\000e\000r\000e\000n\000c\000e}{chapter.4}% 107
\BOOKMARK [1][-]{section.4.23}{\376\377\0004\000.\0002\0003\000\040\000p\000a\000c\000m\000a\000n\000.\000G\000h\000o\000s\000t\000R\000u\000l\000e\000s\000\040\000C\000l\000a\000s\000s\000\040\000R\000e\000f\000e\000r\000e\000n\000c\000e}{chapter.4}% 108
\BOOKMARK [2][-]{subsection.4.23.1}{\376\377\0004\000.\0002\0003\000.\0001\000\040\000D\000e\000t\000a\000i\000l\000e\000d\000\040\000D\000e\000s\000c\000r\000i\000p\000t\000i\000o\000n}{section.4.23}% 109
\BOOKMARK [2][-]{subsection.4.23.2}{\376\377\0004\000.\0002\0003\000.\0002\000\040\000M\000e\000m\000b\000e\000r\000\040\000F\000u\000n\000c\000t\000i\000o\000n\000\040\000D\000o\000c\000u\000m\000e\000n\000t\000a\000t\000i\000o\000n}{section.4.23}% 110
\BOOKMARK [3][-]{subsubsection.4.23.2.1}{\376\377\0004\000.\0002\0003\000.\0002\000.\0001\000\040\000g\000e\000t\000L\000e\000g\000a\000l\000A\000c\000t\000i\000o\000n\000s\000\050\000\051}{subsection.4.23.2}% 111
\BOOKMARK [1][-]{section.4.24}{\376\377\0004\000.\0002\0004\000\040\000s\000e\000a\000r\000c\000h\000A\000g\000e\000n\000t\000s\000.\000G\000o\000W\000e\000s\000t\000A\000g\000e\000n\000t\000\040\000C\000l\000a\000s\000s\000\040\000R\000e\000f\000e\000r\000e\000n\000c\000e}{chapter.4}% 112
\BOOKMARK [1][-]{section.4.25}{\376\377\0004\000.\0002\0005\000\040\000p\000a\000c\000m\000a\000n\000A\000g\000e\000n\000t\000s\000.\000G\000r\000e\000e\000d\000y\000A\000g\000e\000n\000t\000\040\000C\000l\000a\000s\000s\000\040\000R\000e\000f\000e\000r\000e\000n\000c\000e}{chapter.4}% 113
\BOOKMARK [1][-]{section.4.26}{\376\377\0004\000.\0002\0006\000\040\000g\000a\000m\000e\000.\000G\000r\000i\000d\000\040\000C\000l\000a\000s\000s\000\040\000R\000e\000f\000e\000r\000e\000n\000c\000e}{chapter.4}% 114
\BOOKMARK [2][-]{subsection.4.26.1}{\376\377\0004\000.\0002\0006\000.\0001\000\040\000D\000e\000t\000a\000i\000l\000e\000d\000\040\000D\000e\000s\000c\000r\000i\000p\000t\000i\000o\000n}{section.4.26}% 115
\BOOKMARK [2][-]{subsection.4.26.2}{\376\377\0004\000.\0002\0006\000.\0002\000\040\000M\000e\000m\000b\000e\000r\000\040\000F\000u\000n\000c\000t\000i\000o\000n\000\040\000D\000o\000c\000u\000m\000e\000n\000t\000a\000t\000i\000o\000n}{section.4.26}% 116
\BOOKMARK [3][-]{subsubsection.4.26.2.1}{\376\377\0004\000.\0002\0006\000.\0002\000.\0001\000\040\000p\000a\000c\000k\000B\000i\000t\000s\000\050\000\051}{subsection.4.26.2}% 117
\BOOKMARK [1][-]{section.4.27}{\376\377\0004\000.\0002\0007\000\040\000g\000r\000a\000p\000h\000i\000c\000s\000D\000i\000s\000p\000l\000a\000y\000.\000I\000n\000f\000o\000P\000a\000n\000e\000\040\000C\000l\000a\000s\000s\000\040\000R\000e\000f\000e\000r\000e\000n\000c\000e}{chapter.4}% 118
\BOOKMARK [2][-]{subsection.4.27.1}{\376\377\0004\000.\0002\0007\000.\0001\000\040\000M\000e\000m\000b\000e\000r\000\040\000F\000u\000n\000c\000t\000i\000o\000n\000\040\000D\000o\000c\000u\000m\000e\000n\000t\000a\000t\000i\000o\000n}{section.4.27}% 119
\BOOKMARK [3][-]{subsubsection.4.27.1.1}{\376\377\0004\000.\0002\0007\000.\0001\000.\0001\000\040\000t\000o\000S\000c\000r\000e\000e\000n\000\050\000\051}{subsection.4.27.1}% 120
\BOOKMARK [1][-]{section.4.28}{\376\377\0004\000.\0002\0008\000\040\000k\000e\000y\000b\000o\000a\000r\000d\000A\000g\000e\000n\000t\000s\000.\000K\000e\000y\000b\000o\000a\000r\000d\000A\000g\000e\000n\000t\000\040\000C\000l\000a\000s\000s\000\040\000R\000e\000f\000e\000r\000e\000n\000c\000e}{chapter.4}% 121
\BOOKMARK [2][-]{subsection.4.28.1}{\376\377\0004\000.\0002\0008\000.\0001\000\040\000D\000e\000t\000a\000i\000l\000e\000d\000\040\000D\000e\000s\000c\000r\000i\000p\000t\000i\000o\000n}{section.4.28}% 122
\BOOKMARK [1][-]{section.4.29}{\376\377\0004\000.\0002\0009\000\040\000k\000e\000y\000b\000o\000a\000r\000d\000A\000g\000e\000n\000t\000s\000.\000K\000e\000y\000b\000o\000a\000r\000d\000A\000g\000e\000n\000t\0002\000\040\000C\000l\000a\000s\000s\000\040\000R\000e\000f\000e\000r\000e\000n\000c\000e}{chapter.4}% 123
\BOOKMARK [2][-]{subsection.4.29.1}{\376\377\0004\000.\0002\0009\000.\0001\000\040\000D\000e\000t\000a\000i\000l\000e\000d\000\040\000D\000e\000s\000c\000r\000i\000p\000t\000i\000o\000n}{section.4.29}% 124
\BOOKMARK [1][-]{section.4.30}{\376\377\0004\000.\0003\0000\000\040\000l\000a\000y\000o\000u\000t\000.\000L\000a\000y\000o\000u\000t\000\040\000C\000l\000a\000s\000s\000\040\000R\000e\000f\000e\000r\000e\000n\000c\000e}{chapter.4}% 125
\BOOKMARK [2][-]{subsection.4.30.1}{\376\377\0004\000.\0003\0000\000.\0001\000\040\000D\000e\000t\000a\000i\000l\000e\000d\000\040\000D\000e\000s\000c\000r\000i\000p\000t\000i\000o\000n}{section.4.30}% 126
\BOOKMARK [2][-]{subsection.4.30.2}{\376\377\0004\000.\0003\0000\000.\0002\000\040\000M\000e\000m\000b\000e\000r\000\040\000F\000u\000n\000c\000t\000i\000o\000n\000\040\000D\000o\000c\000u\000m\000e\000n\000t\000a\000t\000i\000o\000n}{section.4.30}% 127
\BOOKMARK [3][-]{subsubsection.4.30.2.1}{\376\377\0004\000.\0003\0000\000.\0002\000.\0001\000\040\000p\000r\000o\000c\000e\000s\000s\000L\000a\000y\000o\000u\000t\000T\000e\000x\000t\000\050\000\051}{subsection.4.30.2}% 128
\BOOKMARK [1][-]{section.4.31}{\376\377\0004\000.\0003\0001\000\040\000p\000a\000c\000m\000a\000n\000A\000g\000e\000n\000t\000s\000.\000L\000e\000f\000t\000T\000u\000r\000n\000A\000g\000e\000n\000t\000\040\000C\000l\000a\000s\000s\000\040\000R\000e\000f\000e\000r\000e\000n\000c\000e}{chapter.4}% 129
\BOOKMARK [1][-]{section.4.32}{\376\377\0004\000.\0003\0002\000\040\000t\000e\000x\000t\000D\000i\000s\000p\000l\000a\000y\000.\000N\000u\000l\000l\000G\000r\000a\000p\000h\000i\000c\000s\000\040\000C\000l\000a\000s\000s\000\040\000R\000e\000f\000e\000r\000e\000n\000c\000e}{chapter.4}% 130
\BOOKMARK [1][-]{section.4.33}{\376\377\0004\000.\0003\0003\000\040\000t\000e\000x\000t\000D\000i\000s\000p\000l\000a\000y\000.\000P\000a\000c\000m\000a\000n\000G\000r\000a\000p\000h\000i\000c\000s\000\040\000C\000l\000a\000s\000s\000\040\000R\000e\000f\000e\000r\000e\000n\000c\000e}{chapter.4}% 131
\BOOKMARK [1][-]{section.4.34}{\376\377\0004\000.\0003\0004\000\040\000g\000r\000a\000p\000h\000i\000c\000s\000D\000i\000s\000p\000l\000a\000y\000.\000P\000a\000c\000m\000a\000n\000G\000r\000a\000p\000h\000i\000c\000s\000\040\000C\000l\000a\000s\000s\000\040\000R\000e\000f\000e\000r\000e\000n\000c\000e}{chapter.4}% 132
\BOOKMARK [2][-]{subsection.4.34.1}{\376\377\0004\000.\0003\0004\000.\0001\000\040\000M\000e\000m\000b\000e\000r\000\040\000F\000u\000n\000c\000t\000i\000o\000n\000\040\000D\000o\000c\000u\000m\000e\000n\000t\000a\000t\000i\000o\000n}{section.4.34}% 133
\BOOKMARK [3][-]{subsubsection.4.34.1.1}{\376\377\0004\000.\0003\0004\000.\0001\000.\0001\000\040\000d\000r\000a\000w\000E\000x\000p\000a\000n\000d\000e\000d\000C\000e\000l\000l\000s\000\050\000\051}{subsection.4.34.1}% 134
\BOOKMARK [3][-]{subsubsection.4.34.1.2}{\376\377\0004\000.\0003\0004\000.\0001\000.\0002\000\040\000s\000w\000a\000p\000I\000m\000a\000g\000e\000s\000\050\000\051}{subsection.4.34.1}% 135
\BOOKMARK [1][-]{section.4.35}{\376\377\0004\000.\0003\0005\000\040\000p\000a\000c\000m\000a\000n\000.\000P\000a\000c\000m\000a\000n\000R\000u\000l\000e\000s\000\040\000C\000l\000a\000s\000s\000\040\000R\000e\000f\000e\000r\000e\000n\000c\000e}{chapter.4}% 136
\BOOKMARK [2][-]{subsection.4.35.1}{\376\377\0004\000.\0003\0005\000.\0001\000\040\000D\000e\000t\000a\000i\000l\000e\000d\000\040\000D\000e\000s\000c\000r\000i\000p\000t\000i\000o\000n}{section.4.35}% 137
\BOOKMARK [2][-]{subsection.4.35.2}{\376\377\0004\000.\0003\0005\000.\0002\000\040\000M\000e\000m\000b\000e\000r\000\040\000F\000u\000n\000c\000t\000i\000o\000n\000\040\000D\000o\000c\000u\000m\000e\000n\000t\000a\000t\000i\000o\000n}{section.4.35}% 138
\BOOKMARK [3][-]{subsubsection.4.35.2.1}{\376\377\0004\000.\0003\0005\000.\0002\000.\0001\000\040\000a\000p\000p\000l\000y\000A\000c\000t\000i\000o\000n\000\050\000\051}{subsection.4.35.2}% 139
\BOOKMARK [3][-]{subsubsection.4.35.2.2}{\376\377\0004\000.\0003\0005\000.\0002\000.\0002\000\040\000g\000e\000t\000L\000e\000g\000a\000l\000A\000c\000t\000i\000o\000n\000s\000\050\000\051}{subsection.4.35.2}% 140
\BOOKMARK [1][-]{section.4.36}{\376\377\0004\000.\0003\0006\000\040\000s\000e\000a\000r\000c\000h\000A\000g\000e\000n\000t\000s\000.\000P\000o\000s\000i\000t\000i\000o\000n\000S\000e\000a\000r\000c\000h\000P\000r\000o\000b\000l\000e\000m\000\040\000C\000l\000a\000s\000s\000\040\000R\000e\000f\000e\000r\000e\000n\000c\000e}{chapter.4}% 141
\BOOKMARK [2][-]{subsection.4.36.1}{\376\377\0004\000.\0003\0006\000.\0001\000\040\000D\000e\000t\000a\000i\000l\000e\000d\000\040\000D\000e\000s\000c\000r\000i\000p\000t\000i\000o\000n}{section.4.36}% 142
\BOOKMARK [2][-]{subsection.4.36.2}{\376\377\0004\000.\0003\0006\000.\0002\000\040\000C\000o\000n\000s\000t\000r\000u\000c\000t\000o\000r\000\040\000\046\000\040\000D\000e\000s\000t\000r\000u\000c\000t\000o\000r\000\040\000D\000o\000c\000u\000m\000e\000n\000t\000a\000t\000i\000o\000n}{section.4.36}% 143
\BOOKMARK [3][-]{subsubsection.4.36.2.1}{\376\377\0004\000.\0003\0006\000.\0002\000.\0001\000\040\000\137\000\137\000i\000n\000i\000t\000\137\000\137\000\050\000\051}{subsection.4.36.2}% 144
\BOOKMARK [2][-]{subsection.4.36.3}{\376\377\0004\000.\0003\0006\000.\0003\000\040\000M\000e\000m\000b\000e\000r\000\040\000F\000u\000n\000c\000t\000i\000o\000n\000\040\000D\000o\000c\000u\000m\000e\000n\000t\000a\000t\000i\000o\000n}{section.4.36}% 145
\BOOKMARK [3][-]{subsubsection.4.36.3.1}{\376\377\0004\000.\0003\0006\000.\0003\000.\0001\000\040\000g\000e\000t\000C\000o\000s\000t\000O\000f\000A\000c\000t\000i\000o\000n\000s\000\050\000\051}{subsection.4.36.3}% 146
\BOOKMARK [3][-]{subsubsection.4.36.3.2}{\376\377\0004\000.\0003\0006\000.\0003\000.\0002\000\040\000g\000e\000t\000S\000u\000c\000c\000e\000s\000s\000o\000r\000s\000\050\000\051}{subsection.4.36.3}% 147
\BOOKMARK [1][-]{section.4.37}{\376\377\0004\000.\0003\0007\000\040\000u\000t\000i\000l\000.\000P\000r\000i\000o\000r\000i\000t\000y\000Q\000u\000e\000u\000e\000\040\000C\000l\000a\000s\000s\000\040\000R\000e\000f\000e\000r\000e\000n\000c\000e}{chapter.4}% 148
\BOOKMARK [2][-]{subsection.4.37.1}{\376\377\0004\000.\0003\0007\000.\0001\000\040\000D\000e\000t\000a\000i\000l\000e\000d\000\040\000D\000e\000s\000c\000r\000i\000p\000t\000i\000o\000n}{section.4.37}% 149
\BOOKMARK [1][-]{section.4.38}{\376\377\0004\000.\0003\0008\000\040\000u\000t\000i\000l\000.\000P\000r\000i\000o\000r\000i\000t\000y\000Q\000u\000e\000u\000e\000W\000i\000t\000h\000F\000u\000n\000c\000t\000i\000o\000n\000\040\000C\000l\000a\000s\000s\000\040\000R\000e\000f\000e\000r\000e\000n\000c\000e}{chapter.4}% 150
\BOOKMARK [2][-]{subsection.4.38.1}{\376\377\0004\000.\0003\0008\000.\0001\000\040\000D\000e\000t\000a\000i\000l\000e\000d\000\040\000D\000e\000s\000c\000r\000i\000p\000t\000i\000o\000n}{section.4.38}% 151
\BOOKMARK [1][-]{section.4.39}{\376\377\0004\000.\0003\0009\000\040\000u\000t\000i\000l\000.\000Q\000u\000e\000u\000e\000\040\000C\000l\000a\000s\000s\000\040\000R\000e\000f\000e\000r\000e\000n\000c\000e}{chapter.4}% 152
\BOOKMARK [2][-]{subsection.4.39.1}{\376\377\0004\000.\0003\0009\000.\0001\000\040\000M\000e\000m\000b\000e\000r\000\040\000F\000u\000n\000c\000t\000i\000o\000n\000\040\000D\000o\000c\000u\000m\000e\000n\000t\000a\000t\000i\000o\000n}{section.4.39}% 153
\BOOKMARK [3][-]{subsubsection.4.39.1.1}{\376\377\0004\000.\0003\0009\000.\0001\000.\0001\000\040\000p\000o\000p\000\050\000\051}{subsection.4.39.1}% 154
\BOOKMARK [1][-]{section.4.40}{\376\377\0004\000.\0004\0000\000\040\000g\000h\000o\000s\000t\000A\000g\000e\000n\000t\000s\000.\000R\000a\000n\000d\000o\000m\000G\000h\000o\000s\000t\000\040\000C\000l\000a\000s\000s\000\040\000R\000e\000f\000e\000r\000e\000n\000c\000e}{chapter.4}% 155
\BOOKMARK [1][-]{section.4.41}{\376\377\0004\000.\0004\0001\000\040\000s\000e\000a\000r\000c\000h\000A\000g\000e\000n\000t\000s\000.\000S\000e\000a\000r\000c\000h\000A\000g\000e\000n\000t\000\040\000C\000l\000a\000s\000s\000\040\000R\000e\000f\000e\000r\000e\000n\000c\000e}{chapter.4}% 156
\BOOKMARK [2][-]{subsection.4.41.1}{\376\377\0004\000.\0004\0001\000.\0001\000\040\000D\000e\000t\000a\000i\000l\000e\000d\000\040\000D\000e\000s\000c\000r\000i\000p\000t\000i\000o\000n}{section.4.41}% 157
\BOOKMARK [2][-]{subsection.4.41.2}{\376\377\0004\000.\0004\0001\000.\0002\000\040\000M\000e\000m\000b\000e\000r\000\040\000F\000u\000n\000c\000t\000i\000o\000n\000\040\000D\000o\000c\000u\000m\000e\000n\000t\000a\000t\000i\000o\000n}{section.4.41}% 158
\BOOKMARK [3][-]{subsubsection.4.41.2.1}{\376\377\0004\000.\0004\0001\000.\0002\000.\0001\000\040\000g\000e\000t\000A\000c\000t\000i\000o\000n\000\050\000\051}{subsection.4.41.2}% 159
\BOOKMARK [3][-]{subsubsection.4.41.2.2}{\376\377\0004\000.\0004\0001\000.\0002\000.\0002\000\040\000r\000e\000g\000i\000s\000t\000e\000r\000I\000n\000i\000t\000i\000a\000l\000S\000t\000a\000t\000e\000\050\000\051}{subsection.4.41.2}% 160
\BOOKMARK [1][-]{section.4.42}{\376\377\0004\000.\0004\0002\000\040\000s\000e\000a\000r\000c\000h\000.\000S\000e\000a\000r\000c\000h\000P\000r\000o\000b\000l\000e\000m\000\040\000C\000l\000a\000s\000s\000\040\000R\000e\000f\000e\000r\000e\000n\000c\000e}{chapter.4}% 161
\BOOKMARK [2][-]{subsection.4.42.1}{\376\377\0004\000.\0004\0002\000.\0001\000\040\000D\000e\000t\000a\000i\000l\000e\000d\000\040\000D\000e\000s\000c\000r\000i\000p\000t\000i\000o\000n}{section.4.42}% 162
\BOOKMARK [2][-]{subsection.4.42.2}{\376\377\0004\000.\0004\0002\000.\0002\000\040\000M\000e\000m\000b\000e\000r\000\040\000F\000u\000n\000c\000t\000i\000o\000n\000\040\000D\000o\000c\000u\000m\000e\000n\000t\000a\000t\000i\000o\000n}{section.4.42}% 163
\BOOKMARK [3][-]{subsubsection.4.42.2.1}{\376\377\0004\000.\0004\0002\000.\0002\000.\0001\000\040\000g\000e\000t\000C\000o\000s\000t\000O\000f\000A\000c\000t\000i\000o\000n\000s\000\050\000\051}{subsection.4.42.2}% 164
\BOOKMARK [3][-]{subsubsection.4.42.2.2}{\376\377\0004\000.\0004\0002\000.\0002\000.\0002\000\040\000g\000e\000t\000S\000t\000a\000r\000t\000S\000t\000a\000t\000e\000\050\000\051}{subsection.4.42.2}% 165
\BOOKMARK [3][-]{subsubsection.4.42.2.3}{\376\377\0004\000.\0004\0002\000.\0002\000.\0003\000\040\000g\000e\000t\000S\000u\000c\000c\000e\000s\000s\000o\000r\000s\000\050\000\051}{subsection.4.42.2}% 166
\BOOKMARK [3][-]{subsubsection.4.42.2.4}{\376\377\0004\000.\0004\0002\000.\0002\000.\0004\000\040\000i\000s\000G\000o\000a\000l\000S\000t\000a\000t\000e\000\050\000\051}{subsection.4.42.2}% 167
\BOOKMARK [1][-]{section.4.43}{\376\377\0004\000.\0004\0003\000\040\000u\000t\000i\000l\000.\000S\000t\000a\000c\000k\000\040\000C\000l\000a\000s\000s\000\040\000R\000e\000f\000e\000r\000e\000n\000c\000e}{chapter.4}% 168
\BOOKMARK [1][-]{section.4.44}{\376\377\0004\000.\0004\0004\000\040\000s\000e\000a\000r\000c\000h\000A\000g\000e\000n\000t\000s\000.\000S\000t\000a\000y\000E\000a\000s\000t\000S\000e\000a\000r\000c\000h\000A\000g\000e\000n\000t\000\040\000C\000l\000a\000s\000s\000\040\000R\000e\000f\000e\000r\000e\000n\000c\000e}{chapter.4}% 169
\BOOKMARK [2][-]{subsection.4.44.1}{\376\377\0004\000.\0004\0004\000.\0001\000\040\000D\000e\000t\000a\000i\000l\000e\000d\000\040\000D\000e\000s\000c\000r\000i\000p\000t\000i\000o\000n}{section.4.44}% 170
\BOOKMARK [1][-]{section.4.45}{\376\377\0004\000.\0004\0005\000\040\000s\000e\000a\000r\000c\000h\000A\000g\000e\000n\000t\000s\000.\000S\000t\000a\000y\000W\000e\000s\000t\000S\000e\000a\000r\000c\000h\000A\000g\000e\000n\000t\000\040\000C\000l\000a\000s\000s\000\040\000R\000e\000f\000e\000r\000e\000n\000c\000e}{chapter.4}% 171
\BOOKMARK [2][-]{subsection.4.45.1}{\376\377\0004\000.\0004\0005\000.\0001\000\040\000D\000e\000t\000a\000i\000l\000e\000d\000\040\000D\000e\000s\000c\000r\000i\000p\000t\000i\000o\000n}{section.4.45}% 172
\BOOKMARK [1][-]{section.4.46}{\376\377\0004\000.\0004\0006\000\040\000u\000t\000i\000l\000.\000T\000i\000m\000e\000o\000u\000t\000F\000u\000n\000c\000t\000i\000o\000n\000\040\000C\000l\000a\000s\000s\000\040\000R\000e\000f\000e\000r\000e\000n\000c\000e}{chapter.4}% 173
\BOOKMARK [1][-]{section.4.47}{\376\377\0004\000.\0004\0007\000\040\000u\000t\000i\000l\000.\000T\000i\000m\000e\000o\000u\000t\000F\000u\000n\000c\000t\000i\000o\000n\000E\000x\000c\000e\000p\000t\000i\000o\000n\000\040\000C\000l\000a\000s\000s\000\040\000R\000e\000f\000e\000r\000e\000n\000c\000e}{chapter.4}% 174
\BOOKMARK [2][-]{subsection.4.47.1}{\376\377\0004\000.\0004\0007\000.\0001\000\040\000D\000e\000t\000a\000i\000l\000e\000d\000\040\000D\000e\000s\000c\000r\000i\000p\000t\000i\000o\000n}{section.4.47}% 175
\BOOKMARK [0][-]{section*.129}{\376\377\000I\000n\000d\000e\000x}{}% 176
